Performing C SOURCE FILE Test CMAKE_HAVE_LIBC_PTHREAD failed with the following output:
Change Dir: /home/m/Downloads/sdx_aruco/camera_test/src/cmake-build-debug/CMakeFiles/CMakeTmp

Run Build Command(s):/usr/bin/make cmTC_2963e/fast && /usr/bin/make  -f CMakeFiles/cmTC_2963e.dir/build.make CMakeFiles/cmTC_2963e.dir/build
make[1]: Entering directory '/home/m/Downloads/sdx_aruco/camera_test/src/cmake-build-debug/CMakeFiles/CMakeTmp'
Building C object CMakeFiles/cmTC_2963e.dir/src.c.o
/usr/bin/cc -DCMAKE_HAVE_LIBC_PTHREAD   -o CMakeFiles/cmTC_2963e.dir/src.c.o -c /home/m/Downloads/sdx_aruco/camera_test/src/cmake-build-debug/CMakeFiles/CMakeTmp/src.c
Linking C executable cmTC_2963e
/home/m/Downloads/clion/bin/cmake/linux/bin/cmake -E cmake_link_script CMakeFiles/cmTC_2963e.dir/link.txt --verbose=1
/usr/bin/cc -rdynamic CMakeFiles/cmTC_2963e.dir/src.c.o -o cmTC_2963e 
CMakeFiles/cmTC_2963e.dir/src.c.o: In function `main':
src.c:(.text+0x3e): undefined reference to `pthread_create'
src.c:(.text+0x4a): undefined reference to `pthread_detach'
src.c:(.text+0x56): undefined reference to `pthread_cancel'
src.c:(.text+0x67): undefined reference to `pthread_join'
src.c:(.text+0x7b): undefined reference to `pthread_atfork'
collect2: error: ld returned 1 exit status
CMakeFiles/cmTC_2963e.dir/build.make:105: recipe for target 'cmTC_2963e' failed
make[1]: *** [cmTC_2963e] Error 1
make[1]: Leaving directory '/home/m/Downloads/sdx_aruco/camera_test/src/cmake-build-debug/CMakeFiles/CMakeTmp'
Makefile:140: recipe for target 'cmTC_2963e/fast' failed
make: *** [cmTC_2963e/fast] Error 2


Source file was:
#include <pthread.h>

static void* test_func(void* data)
{
  return data;
}

int main(void)
{
  pthread_t thread;
  pthread_create(&thread, NULL, test_func, NULL);
  pthread_detach(thread);
  pthread_cancel(thread);
  pthread_join(thread, NULL);
  pthread_atfork(NULL, NULL, NULL);
  pthread_exit(NULL);

  return 0;
}

Determining if the function pthread_create exists in the pthreads failed with the following output:
Change Dir: /home/m/Downloads/sdx_aruco/camera_test/src/cmake-build-debug/CMakeFiles/CMakeTmp

Run Build Command(s):/usr/bin/make cmTC_bd2bb/fast && /usr/bin/make  -f CMakeFiles/cmTC_bd2bb.dir/build.make CMakeFiles/cmTC_bd2bb.dir/build
make[1]: Entering directory '/home/m/Downloads/sdx_aruco/camera_test/src/cmake-build-debug/CMakeFiles/CMakeTmp'
Building C object CMakeFiles/cmTC_bd2bb.dir/CheckFunctionExists.c.o
/usr/bin/cc   -DCHECK_FUNCTION_EXISTS=pthread_create -o CMakeFiles/cmTC_bd2bb.dir/CheckFunctionExists.c.o -c /home/m/Downloads/clion/bin/cmake/linux/share/cmake-3.19/Modules/CheckFunctionExists.c
Linking C executable cmTC_bd2bb
/home/m/Downloads/clion/bin/cmake/linux/bin/cmake -E cmake_link_script CMakeFiles/cmTC_bd2bb.dir/link.txt --verbose=1
/usr/bin/cc  -DCHECK_FUNCTION_EXISTS=pthread_create -rdynamic CMakeFiles/cmTC_bd2bb.dir/CheckFunctionExists.c.o -o cmTC_bd2bb  -lpthreads 
/usr/bin/ld: cannot find -lpthreads
collect2: error: ld returned 1 exit status
CMakeFiles/cmTC_bd2bb.dir/build.make:105: recipe for target 'cmTC_bd2bb' failed
make[1]: *** [cmTC_bd2bb] Error 1
make[1]: Leaving directory '/home/m/Downloads/sdx_aruco/camera_test/src/cmake-build-debug/CMakeFiles/CMakeTmp'
Makefile:140: recipe for target 'cmTC_bd2bb/fast' failed
make: *** [cmTC_bd2bb/fast] Error 2



